<?xml version="1.0" encoding="UTF-8" ?>
<testsuites>
  <testsuite errors="0" failures="1" hostname="dragon.local" id="0" name="HelloWorldControllerTests" package="pnguyen.grails.helloworld" tests="1" time="1.171" timestamp="2013-09-19T08:20:14">
      <properties />

      <testcase classname="pnguyen.grails.helloworld.HelloWorldControllerTests" name="testSomething" time="1.145">
          <failure message="junit.framework.AssertionFailedError: Implement me" type="junit.framework.AssertionFailedError">junit.framework.AssertionFailedError: junit.framework.AssertionFailedError: Implement me
	at pnguyen.grails.helloworld.HelloWorldControllerTests.testSomething(HelloWorldControllerTests.groovy:15)
</failure>

      </testcase>

      <system-out><![CDATA[--Output from testSomething--
]]></system-out>

      <system-err><![CDATA[--Output from testSomething--
]]></system-err>

  </testsuite>
</testsuites>
